<?xml version="1.0" encoding="UTF-8" ?>
<testsuite tests="7" failures="0" name="com.saucedemo.qa.testcases.LoginPageTest" time="2.196" errors="0" skipped="0">
  <properties>
[...]
</properties>
  <testcase classname="com.saucedemo.qa.testcases.LoginPageTest" name="loginWithInValidUserNameAndPasswordTest" time="0.643"/>
  <testcase classname="com.saucedemo.qa.testcases.LoginPageTest" name="loginWithLockedOutUserTest" time="0.304"/>
  <testcase classname="com.saucedemo.qa.testcases.LoginPageTest" name="loginWithValidUserNameAndInvalidPasswordTest" time="0.235"/>
  <testcase classname="com.saucedemo.qa.testcases.LoginPageTest" name="loginWithValidUserNameAndPasswordTest" time="0.479"/>
  <testcase classname="com.saucedemo.qa.testcases.LoginPageTest" name="loginWithoutPasswordTest" time="0.246"/>
  <testcase classname="com.saucedemo.qa.testcases.LoginPageTest" name="loginWithoutUserNameTest" time="0.221"/>
  <testcase classname="com.saucedemo.qa.testcases.LoginPageTest" name="saucedemoLogoImageTest" time="0.068"/>
</testsuite>