<?xml version="1.0" encoding="UTF-8"?>
<testng-results ignored="0" total="7" passed="7" failed="0" skipped="0">
  <reporter-output>
  </reporter-output>
  <suite started-at="2021-10-27T05:49:31Z" name="com.saucedemo.qa.testcases.LoginPageTest" finished-at="2021-10-27T05:49:35Z" duration-ms="4517">
    <groups>
    </groups>
    <test started-at="2021-10-27T05:49:31Z" name="Command line test" finished-at="2021-10-27T05:49:35Z" duration-ms="4517">
      <class name="com.saucedemo.qa.testcases.LoginPageTest">
        <test-method is-config="true" signature="setUp()[pri:0, instance:com.saucedemo.qa.testcases.LoginPageTest@3224f60b]" started-at="2021-10-27T11:19:31Z" name="setUp" finished-at="2021-10-27T11:19:33Z" duration-ms="2026" status="PASS">
          <reporter-output>
          </reporter-output>
        </test-method> <!-- setUp -->
        <test-method signature="loginWithInValidUserNameAndPasswordTest()[pri:0, instance:com.saucedemo.qa.testcases.LoginPageTest@3224f60b]" started-at="2021-10-27T11:19:33Z" name="loginWithInValidUserNameAndPasswordTest" finished-at="2021-10-27T11:19:33Z" duration-ms="642" status="PASS">
          <reporter-output>
          </reporter-output>
        </test-method> <!-- loginWithInValidUserNameAndPasswordTest -->
        <test-method is-config="true" signature="tearDown1(org.testng.ITestResult)[pri:0, instance:com.saucedemo.qa.testcases.LoginPageTest@3224f60b]" started-at="2021-10-27T11:19:33Z" name="tearDown1" finished-at="2021-10-27T11:19:33Z" duration-ms="2" status="PASS">
          <params>
            <param index="0">
              <value>
                <![CDATA[[TestResult name=loginWithInValidUserNameAndPasswordTest status=SUCCESS method=LoginPageTest.loginWithInValidUserNameAndPasswordTest()[pri:0, instance:com.saucedemo.qa.testcases.LoginPageTest@3224f60b] output={null}]]]>
              </value>
            </param>
          </params>
          <reporter-output>
          </reporter-output>
        </test-method> <!-- tearDown1 -->
        <test-method signature="loginWithLockedOutUserTest()[pri:0, instance:com.saucedemo.qa.testcases.LoginPageTest@3224f60b]" started-at="2021-10-27T11:19:33Z" name="loginWithLockedOutUserTest" finished-at="2021-10-27T11:19:34Z" duration-ms="305" status="PASS">
          <reporter-output>
          </reporter-output>
        </test-method> <!-- loginWithLockedOutUserTest -->
        <test-method is-config="true" signature="tearDown1(org.testng.ITestResult)[pri:0, instance:com.saucedemo.qa.testcases.LoginPageTest@3224f60b]" started-at="2021-10-27T11:19:34Z" name="tearDown1" finished-at="2021-10-27T11:19:34Z" duration-ms="0" status="PASS">
          <params>
            <param index="0">
              <value>
                <![CDATA[[TestResult name=loginWithLockedOutUserTest status=SUCCESS method=LoginPageTest.loginWithLockedOutUserTest()[pri:0, instance:com.saucedemo.qa.testcases.LoginPageTest@3224f60b] output={null}]]]>
              </value>
            </param>
          </params>
          <reporter-output>
          </reporter-output>
        </test-method> <!-- tearDown1 -->
        <test-method signature="loginWithValidUserNameAndInvalidPasswordTest()[pri:0, instance:com.saucedemo.qa.testcases.LoginPageTest@3224f60b]" started-at="2021-10-27T11:19:34Z" name="loginWithValidUserNameAndInvalidPasswordTest" finished-at="2021-10-27T11:19:34Z" duration-ms="236" status="PASS">
          <reporter-output>
          </reporter-output>
        </test-method> <!-- loginWithValidUserNameAndInvalidPasswordTest -->
        <test-method signature="loginWithValidUserNameAndPasswordTest()[pri:0, instance:com.saucedemo.qa.testcases.LoginPageTest@3224f60b]" started-at="2021-10-27T11:19:34Z" name="loginWithValidUserNameAndPasswordTest" finished-at="2021-10-27T11:19:34Z" duration-ms="479" status="PASS">
          <reporter-output>
          </reporter-output>
        </test-method> <!-- loginWithValidUserNameAndPasswordTest -->
        <test-method is-config="true" signature="tearDown1(org.testng.ITestResult)[pri:0, instance:com.saucedemo.qa.testcases.LoginPageTest@3224f60b]" started-at="2021-10-27T11:19:34Z" name="tearDown1" finished-at="2021-10-27T11:19:34Z" duration-ms="0" status="PASS">
          <params>
            <param index="0">
              <value>
                <![CDATA[[TestResult name=loginWithValidUserNameAndInvalidPasswordTest status=SUCCESS method=LoginPageTest.loginWithValidUserNameAndInvalidPasswordTest()[pri:0, instance:com.saucedemo.qa.testcases.LoginPageTest@3224f60b] output={null}]]]>
              </value>
            </param>
          </params>
          <reporter-output>
          </reporter-output>
        </test-method> <!-- tearDown1 -->
        <test-method signature="loginWithoutPasswordTest()[pri:0, instance:com.saucedemo.qa.testcases.LoginPageTest@3224f60b]" started-at="2021-10-27T11:19:34Z" name="loginWithoutPasswordTest" finished-at="2021-10-27T11:19:35Z" duration-ms="246" status="PASS">
          <reporter-output>
          </reporter-output>
        </test-method> <!-- loginWithoutPasswordTest -->
        <test-method is-config="true" signature="tearDown1(org.testng.ITestResult)[pri:0, instance:com.saucedemo.qa.testcases.LoginPageTest@3224f60b]" started-at="2021-10-27T11:19:34Z" name="tearDown1" finished-at="2021-10-27T11:19:34Z" duration-ms="0" status="PASS">
          <params>
            <param index="0">
              <value>
                <![CDATA[[TestResult name=loginWithValidUserNameAndPasswordTest status=SUCCESS method=LoginPageTest.loginWithValidUserNameAndPasswordTest()[pri:0, instance:com.saucedemo.qa.testcases.LoginPageTest@3224f60b] output={null}]]]>
              </value>
            </param>
          </params>
          <reporter-output>
          </reporter-output>
        </test-method> <!-- tearDown1 -->
        <test-method is-config="true" signature="tearDown1(org.testng.ITestResult)[pri:0, instance:com.saucedemo.qa.testcases.LoginPageTest@3224f60b]" started-at="2021-10-27T11:19:35Z" name="tearDown1" finished-at="2021-10-27T11:19:35Z" duration-ms="0" status="PASS">
          <params>
            <param index="0">
              <value>
                <![CDATA[[TestResult name=loginWithoutPasswordTest status=SUCCESS method=LoginPageTest.loginWithoutPasswordTest()[pri:0, instance:com.saucedemo.qa.testcases.LoginPageTest@3224f60b] output={null}]]]>
              </value>
            </param>
          </params>
          <reporter-output>
          </reporter-output>
        </test-method> <!-- tearDown1 -->
        <test-method signature="loginWithoutUserNameTest()[pri:0, instance:com.saucedemo.qa.testcases.LoginPageTest@3224f60b]" started-at="2021-10-27T11:19:35Z" name="loginWithoutUserNameTest" finished-at="2021-10-27T11:19:35Z" duration-ms="221" status="PASS">
          <reporter-output>
          </reporter-output>
        </test-method> <!-- loginWithoutUserNameTest -->
        <test-method signature="saucedemoLogoImageTest()[pri:0, instance:com.saucedemo.qa.testcases.LoginPageTest@3224f60b]" started-at="2021-10-27T11:19:35Z" name="saucedemoLogoImageTest" finished-at="2021-10-27T11:19:35Z" duration-ms="68" status="PASS">
          <reporter-output>
          </reporter-output>
        </test-method> <!-- saucedemoLogoImageTest -->
        <test-method is-config="true" signature="tearDown1(org.testng.ITestResult)[pri:0, instance:com.saucedemo.qa.testcases.LoginPageTest@3224f60b]" started-at="2021-10-27T11:19:35Z" name="tearDown1" finished-at="2021-10-27T11:19:35Z" duration-ms="0" status="PASS">
          <params>
            <param index="0">
              <value>
                <![CDATA[[TestResult name=loginWithoutUserNameTest status=SUCCESS method=LoginPageTest.loginWithoutUserNameTest()[pri:0, instance:com.saucedemo.qa.testcases.LoginPageTest@3224f60b] output={null}]]]>
              </value>
            </param>
          </params>
          <reporter-output>
          </reporter-output>
        </test-method> <!-- tearDown1 -->
        <test-method is-config="true" signature="tearDown()[pri:0, instance:com.saucedemo.qa.testcases.LoginPageTest@3224f60b]" started-at="2021-10-27T11:19:35Z" name="tearDown" finished-at="2021-10-27T11:19:35Z" duration-ms="284" status="PASS">
          <reporter-output>
          </reporter-output>
        </test-method> <!-- tearDown -->
        <test-method is-config="true" signature="tearDown1(org.testng.ITestResult)[pri:0, instance:com.saucedemo.qa.testcases.LoginPageTest@3224f60b]" started-at="2021-10-27T11:19:35Z" name="tearDown1" finished-at="2021-10-27T11:19:35Z" duration-ms="0" status="PASS">
          <params>
            <param index="0">
              <value>
                <![CDATA[[TestResult name=saucedemoLogoImageTest status=SUCCESS method=LoginPageTest.saucedemoLogoImageTest()[pri:0, instance:com.saucedemo.qa.testcases.LoginPageTest@3224f60b] output={null}]]]>
              </value>
            </param>
          </params>
          <reporter-output>
          </reporter-output>
        </test-method> <!-- tearDown1 -->
      </class> <!-- com.saucedemo.qa.testcases.LoginPageTest -->
    </test> <!-- Command line test -->
  </suite> <!-- com.saucedemo.qa.testcases.LoginPageTest -->
</testng-results>
